[debug] [2021-01-06T15:31:24.083Z] ----------------------------------------------------------------------
[debug] [2021-01-06T15:31:24.086Z] Command:       C:\Program Files\nodejs\node.exe C:\Users\luisd\AppData\Roaming\npm\node_modules\firebase-tools\lib\bin\firebase.js deploy
[debug] [2021-01-06T15:31:24.086Z] CLI Version:   9.1.0
[debug] [2021-01-06T15:31:24.086Z] Platform:      win32
[debug] [2021-01-06T15:31:24.086Z] Node Version:  v14.4.0
[debug] [2021-01-06T15:31:24.087Z] Time:          Wed Jan 06 2021 16:31:24 GMT+0100 (hora estándar de Europa central)
[debug] [2021-01-06T15:31:24.088Z] ----------------------------------------------------------------------
[debug] [2021-01-06T15:31:24.088Z] 
[debug] [2021-01-06T15:31:24.096Z] > command requires scopes: ["email","openid","https://www.googleapis.com/auth/cloudplatformprojects.readonly","https://www.googleapis.com/auth/firebase","https://www.googleapis.com/auth/cloud-platform"]
[debug] [2021-01-06T15:31:24.096Z] > authorizing via signed-in user
[debug] [2021-01-06T15:31:24.096Z] [iam] checking project platzi-store-f2231 for permissions ["firebase.projects.get","firebasehosting.sites.update"]
[debug] [2021-01-06T15:31:24.099Z] > refreshing access token with scopes: ["email","https://www.googleapis.com/auth/cloud-platform","https://www.googleapis.com/auth/cloudplatformprojects.readonly","https://www.googleapis.com/auth/firebase","openid"]
[debug] [2021-01-06T15:31:24.099Z] >>> HTTP REQUEST POST https://www.googleapis.com/oauth2/v3/token  
 <request body omitted>
[debug] [2021-01-06T15:31:24.493Z] <<< HTTP RESPONSE 200 {"pragma":"no-cache","date":"Wed, 06 Jan 2021 15:31:24 GMT","expires":"Mon, 01 Jan 1990 00:00:00 GMT","cache-control":"no-cache, no-store, max-age=0, must-revalidate","content-type":"application/json; charset=utf-8","vary":"X-Origin, Referer, Origin,Accept-Encoding","server":"scaffolding on HTTPServer2","x-xss-protection":"0","x-frame-options":"SAMEORIGIN","x-content-type-options":"nosniff","alt-svc":"h3-29=\":443\"; ma=2592000,h3-T051=\":443\"; ma=2592000,h3-Q050=\":443\"; ma=2592000,h3-Q046=\":443\"; ma=2592000,h3-Q043=\":443\"; ma=2592000,quic=\":443\"; ma=2592000; v=\"46,43\"","accept-ranges":"none","transfer-encoding":"chunked"}
[debug] [2021-01-06T15:31:24.498Z] >>> HTTP REQUEST POST https://cloudresourcemanager.googleapis.com/v1/projects/platzi-store-f2231:testIamPermissions  
 {"permissions":["firebase.projects.get","firebasehosting.sites.update"]}
[debug] [2021-01-06T15:31:25.481Z] <<< HTTP RESPONSE 200 {"content-type":"application/json; charset=UTF-8","vary":"X-Origin, Referer, Origin,Accept-Encoding","date":"Wed, 06 Jan 2021 15:31:25 GMT","server":"ESF","cache-control":"private","x-xss-protection":"0","x-frame-options":"SAMEORIGIN","x-content-type-options":"nosniff","server-timing":"gfet4t7; dur=621","alt-svc":"h3-29=\":443\"; ma=2592000,h3-T051=\":443\"; ma=2592000,h3-Q050=\":443\"; ma=2592000,h3-Q046=\":443\"; ma=2592000,h3-Q043=\":443\"; ma=2592000,quic=\":443\"; ma=2592000; v=\"46,43\"","accept-ranges":"none","transfer-encoding":"chunked"}
[debug] [2021-01-06T15:31:25.482Z] >>> HTTP REQUEST GET https://firebase.googleapis.com/v1beta1/projects/platzi-store-f2231  
 
[debug] [2021-01-06T15:31:25.890Z] <<< HTTP RESPONSE 200 {"content-type":"application/json; charset=UTF-8","vary":"X-Origin, Referer, Origin,Accept-Encoding","date":"Wed, 06 Jan 2021 15:31:26 GMT","server":"ESF","cache-control":"private","x-xss-protection":"0","x-frame-options":"SAMEORIGIN","x-content-type-options":"nosniff","alt-svc":"h3-29=\":443\"; ma=2592000,h3-T051=\":443\"; ma=2592000,h3-Q050=\":443\"; ma=2592000,h3-Q046=\":443\"; ma=2592000,h3-Q043=\":443\"; ma=2592000,quic=\":443\"; ma=2592000; v=\"46,43\"","accept-ranges":"none","transfer-encoding":"chunked"}
[info] 
[info] === Deploying to 'platzi-store-f2231'...
[info] 
[info] i  deploying hosting 
[debug] [2021-01-06T15:31:25.894Z] >>> HTTP REQUEST POST https://firebasehosting.googleapis.com/v1beta1/sites/platzi-store-f2231/versions  
 {"config":{"rewrites":[{"glob":"**","path":"/index.html"}]},"labels":{"deployment-tool":"cli-firebase"}}
[debug] [2021-01-06T15:31:27.475Z] <<< HTTP RESPONSE 200 {"content-type":"application/json; charset=UTF-8","vary":"X-Origin, Referer, Origin,Accept-Encoding","date":"Wed, 06 Jan 2021 15:31:27 GMT","server":"ESF","cache-control":"private","x-xss-protection":"0","x-frame-options":"SAMEORIGIN","x-content-type-options":"nosniff","alt-svc":"h3-29=\":443\"; ma=2592000,h3-T051=\":443\"; ma=2592000,h3-Q050=\":443\"; ma=2592000,h3-Q046=\":443\"; ma=2592000,h3-Q043=\":443\"; ma=2592000,quic=\":443\"; ma=2592000; v=\"46,43\"","accept-ranges":"none","transfer-encoding":"chunked"}
[info] i  hosting[platzi-store-f2231]: beginning deploy... 
[info] i  hosting[platzi-store-f2231]: found 25 files in dist/platzi-store 
[debug] [2021-01-06T15:31:27.493Z] > refreshing access token with scopes: []
[debug] [2021-01-06T15:31:27.493Z] >>> HTTP REQUEST POST https://www.googleapis.com/oauth2/v3/token  
 <request body omitted>
[debug] [2021-01-06T15:31:27.495Z] [hosting] hash cache [ZGlzdFxwbGF0emktc3RvcmU] stored for 25 files
[debug] [2021-01-06T15:31:27.495Z] [hosting][hash queue][FINAL] {"max":2,"min":0,"avg":0,"active":0,"complete":25,"success":25,"errored":0,"retried":0,"total":25,"elapsed":6}
[debug] [2021-01-06T15:31:27.828Z] <<< HTTP RESPONSE 200 {"date":"Wed, 06 Jan 2021 15:31:28 GMT","expires":"Mon, 01 Jan 1990 00:00:00 GMT","pragma":"no-cache","cache-control":"no-cache, no-store, max-age=0, must-revalidate","content-type":"application/json; charset=utf-8","vary":"X-Origin, Referer, Origin,Accept-Encoding","server":"scaffolding on HTTPServer2","x-xss-protection":"0","x-frame-options":"SAMEORIGIN","x-content-type-options":"nosniff","alt-svc":"h3-29=\":443\"; ma=2592000,h3-T051=\":443\"; ma=2592000,h3-Q050=\":443\"; ma=2592000,h3-Q046=\":443\"; ma=2592000,h3-Q043=\":443\"; ma=2592000,quic=\":443\"; ma=2592000; v=\"46,43\"","accept-ranges":"none","transfer-encoding":"chunked"}
[debug] [2021-01-06T15:31:27.832Z] >>> [apiv2][query] POST https://firebasehosting.googleapis.com/v1beta1/sites/platzi-store-f2231/versions/2a6937bdd795fc31:populateFiles [none]
[debug] [2021-01-06T15:31:27.833Z] >>> [apiv2][body] POST https://firebasehosting.googleapis.com/v1beta1/sites/platzi-store-f2231/versions/2a6937bdd795fc31:populateFiles {"files":{"/10.e0caabe0cb0e0668a130.js":"13dd062a14f5d2041e092ddd67d4b772c135b8d545cb6a4620b07d5d37697aef","/11.234ca87e0ae12f1a33b5.js":"dd3cc707fddd8838bf207a1dcb06a9dedfa051aa9d403104263a1ba6555fe970","/12.5318c5744af9d245238f.js":"a19554ac8c148d8f75c0f0980fe59939432670ffb195be5713cf958ef89db18b","/3rdpartylicenses.txt":"f8f0af0ff15283654da37c85f451680aff60e45b9aff5712c6e4f9c6426b7038","/4.b6755c5585a8be8ca869.js":"abfca126bcab1a40167502ba151047056024c40050cfd4786994d922a06029eb","/5.7f0963b3effc35c64b3b.js":"84af698b4a3821a32443ca85628bbf83479885bc82ec0481b1781bb585ba142f","/6.ef7ed5ba931d4d35c8de.js":"ff16901daadbaf742f2b1295cb434fe3371802c2958ba998a38dcc95064a5830","/7.226ae04cb1904eda85ec.js":"499a8dc56319dfcfdefcae9921eda5361d8260c7b41624099f835db394b4deb1","/8.93bf3cc8ed2763031250.js":"cbc1eb0b4e0a9b0310aaca2383afe858b0d123c23afc7f671694a546e1ced674","/9.e9f96323b65bbc2c9767.js":"dfc172a793ffc0de016cf6fac46c38506bc9ba7b672f00c91590734e236634fb","/favicon.ico":"2c19690e9587bae12f419b34d2edeecc76808099540a9c9f4ea6194116cfc8f7","/index.html":"e66173b75fc4c2e263013208b02dfee24518c55d3351f58fa2ec1cb8877f9cbb","/main.f87964df51cce56c8e07.js":"2d11b63b30ede83fc0c279a84b1c11d82b10c579f4a2f9d90039cfcf8161d568","/polyfills.8c151b8375e767ff858f.js":"e323cea9bc1c58651e4b1ee5ffbb4362e270e4b11ed2390bee9e3b88394b4b73","/runtime.768b6c9d81e1ca623ef7.js":"2dccaca925131561933c67418ce9191f220d4cb1d37ac786eaaab1c78feffcb6","/styles.023ac1517bbc5c392dba.css":"4a850aec923be383077158efe12b92161f1da587be0b1dd42b34698197d0ace1","/assets/images/banner-1.jpg":"2db534f5a03891247d0162e395eb8847f1ae8ec79c4b1e8d67cba4f86d11f063","/assets/images/banner-2.jpg":"27ccd35017461572663cecf7cad8459dec42207d4a1d5644111c3654e23340dd","/assets/images/banner-3.jpg":"3b1eea0178d564a36abc1161f28098ce42267cecfbbd473e48cb659ee4e2a946","/assets/images/camiseta.png":"14d7dd2e3a86f483b49b0df2de8d8425467ff2779093aa29415bf22007f086ee","/assets/images/hoodie.png":"92ec1d72e9d86e268f4a45bb2b0111c75c8df7b222ccd85ae67ca311b7f0d744","/assets/images/mug.png":"d04df10c79e0c68d4aae659ccfa161d089fa4934bb84fdef989974df5c0b555b","/assets/images/pin.png":"df14b3769d92ff4ecbf8323668274da2b8badc0882e81d692aa45fd67630d250","/assets/images/stickers1.png":"ca8d9d8ab301d4436690aab54c41df9c11b878af66064fc7cef0c9d6fc46c0c7","/assets/images/stickers2.png":"100c3d46717012605b4e4d9b1d77217d110dd7fc884b718a4bce8e23d99c32c8"}}
[debug] [2021-01-06T15:31:28.989Z] <<< [apiv2][status] POST https://firebasehosting.googleapis.com/v1beta1/sites/platzi-store-f2231/versions/2a6937bdd795fc31:populateFiles 200
[debug] [2021-01-06T15:31:28.990Z] <<< [apiv2][body] POST https://firebasehosting.googleapis.com/v1beta1/sites/platzi-store-f2231/versions/2a6937bdd795fc31:populateFiles {"uploadRequiredHashes":["df14b3769d92ff4ecbf8323668274da2b8badc0882e81d692aa45fd67630d250","ca8d9d8ab301d4436690aab54c41df9c11b878af66064fc7cef0c9d6fc46c0c7","14d7dd2e3a86f483b49b0df2de8d8425467ff2779093aa29415bf22007f086ee","100c3d46717012605b4e4d9b1d77217d110dd7fc884b718a4bce8e23d99c32c8"],"uploadUrl":"https://upload-firebasehosting.googleapis.com/upload/sites/platzi-store-f2231/versions/2a6937bdd795fc31/files"}
[debug] [2021-01-06T15:31:28.991Z] >>> [apiv2][query] POST https://upload-firebasehosting.googleapis.com/upload/sites/platzi-store-f2231/versions/2a6937bdd795fc31/files/df14b3769d92ff4ecbf8323668274da2b8badc0882e81d692aa45fd67630d250 [none]
[debug] [2021-01-06T15:31:28.992Z] >>> [apiv2][body] POST https://upload-firebasehosting.googleapis.com/upload/sites/platzi-store-f2231/versions/2a6937bdd795fc31/files/df14b3769d92ff4ecbf8323668274da2b8badc0882e81d692aa45fd67630d250 [stream]
[debug] [2021-01-06T15:31:28.993Z] >>> [apiv2][query] POST https://upload-firebasehosting.googleapis.com/upload/sites/platzi-store-f2231/versions/2a6937bdd795fc31/files/ca8d9d8ab301d4436690aab54c41df9c11b878af66064fc7cef0c9d6fc46c0c7 [none]
[debug] [2021-01-06T15:31:28.993Z] >>> [apiv2][body] POST https://upload-firebasehosting.googleapis.com/upload/sites/platzi-store-f2231/versions/2a6937bdd795fc31/files/ca8d9d8ab301d4436690aab54c41df9c11b878af66064fc7cef0c9d6fc46c0c7 [stream]
[debug] [2021-01-06T15:31:28.993Z] >>> [apiv2][query] POST https://upload-firebasehosting.googleapis.com/upload/sites/platzi-store-f2231/versions/2a6937bdd795fc31/files/14d7dd2e3a86f483b49b0df2de8d8425467ff2779093aa29415bf22007f086ee [none]
[debug] [2021-01-06T15:31:28.993Z] >>> [apiv2][body] POST https://upload-firebasehosting.googleapis.com/upload/sites/platzi-store-f2231/versions/2a6937bdd795fc31/files/14d7dd2e3a86f483b49b0df2de8d8425467ff2779093aa29415bf22007f086ee [stream]
[debug] [2021-01-06T15:31:28.994Z] >>> [apiv2][query] POST https://upload-firebasehosting.googleapis.com/upload/sites/platzi-store-f2231/versions/2a6937bdd795fc31/files/100c3d46717012605b4e4d9b1d77217d110dd7fc884b718a4bce8e23d99c32c8 [none]
[debug] [2021-01-06T15:31:28.994Z] >>> [apiv2][body] POST https://upload-firebasehosting.googleapis.com/upload/sites/platzi-store-f2231/versions/2a6937bdd795fc31/files/100c3d46717012605b4e4d9b1d77217d110dd7fc884b718a4bce8e23d99c32c8 [stream]
[debug] [2021-01-06T15:31:28.995Z] [hosting][populate queue][FINAL] {"max":1499,"min":1499,"avg":1499,"active":0,"complete":1,"success":1,"errored":0,"retried":0,"total":1,"elapsed":1503}
[debug] [2021-01-06T15:31:28.995Z] [hosting] uploads queued: 4
[debug] [2021-01-06T15:31:59.399Z] [uploadQueue] Retrying task ca8d9d8ab301d4436690aab54c41df9c11b878af66064fc7cef0c9d6fc46c0c7
[debug] [2021-01-06T15:31:59.400Z] >>> [apiv2][query] POST https://upload-firebasehosting.googleapis.com/upload/sites/platzi-store-f2231/versions/2a6937bdd795fc31/files/ca8d9d8ab301d4436690aab54c41df9c11b878af66064fc7cef0c9d6fc46c0c7 [none]
[debug] [2021-01-06T15:31:59.400Z] >>> [apiv2][body] POST https://upload-firebasehosting.googleapis.com/upload/sites/platzi-store-f2231/versions/2a6937bdd795fc31/files/ca8d9d8ab301d4436690aab54c41df9c11b878af66064fc7cef0c9d6fc46c0c7 [stream]
[debug] [2021-01-06T15:31:59.401Z] [uploadQueue] Retrying task 14d7dd2e3a86f483b49b0df2de8d8425467ff2779093aa29415bf22007f086ee
[debug] [2021-01-06T15:31:59.401Z] >>> [apiv2][query] POST https://upload-firebasehosting.googleapis.com/upload/sites/platzi-store-f2231/versions/2a6937bdd795fc31/files/14d7dd2e3a86f483b49b0df2de8d8425467ff2779093aa29415bf22007f086ee [none]
[debug] [2021-01-06T15:31:59.402Z] >>> [apiv2][body] POST https://upload-firebasehosting.googleapis.com/upload/sites/platzi-store-f2231/versions/2a6937bdd795fc31/files/14d7dd2e3a86f483b49b0df2de8d8425467ff2779093aa29415bf22007f086ee [stream]
